#
# There is insufficient memory for the Java Runtime Environment to continue.
# Native memory allocation (mmap) failed to map 2097152 bytes for G1 virtual space
# Possible reasons:
#   The system is out of physical RAM or swap space
#   The process is running with CompressedOops enabled, and the Java Heap may be blocking the growth of the native heap
# Possible solutions:
#   Reduce memory load on the system
#   Increase physical memory or swap space
#   Check if swap backing store is full
#   Decrease Java heap size (-Xmx/-Xms)
#   Decrease number of Java threads
#   Decrease Java thread stack sizes (-Xss)
#   Set larger code cache with -XX:ReservedCodeCacheSize=
#   JVM is running with Unscaled Compressed Oops mode in which the Java heap is
#     placed in the first 4GB address space. The Java Heap base address is the
#     maximum limit for the native heap growth. Please use -XX:HeapBaseMinAddress
#     to set the Java Heap base and to place the Java Heap above 4GB virtual address.
# This output file may be truncated or incomplete.
#
#  Out of Memory Error (os_windows.cpp:3527), pid=14500, tid=8908
#
# JRE version:  (19.0.1+10) (build )
# Java VM: Java HotSpot(TM) 64-Bit Server VM (19.0.1+10-21, mixed mode, sharing, tiered, compressed oops, compressed class ptrs, g1 gc, windows-amd64)
# No core dump will be written. Minidumps are not enabled by default on client versions of Windows
#

---------------  S U M M A R Y ------------

Command Line: poly.cafe.ui.Test

Host: Intel(R) Core(TM) i5-8250U CPU @ 1.60GHz, 8 cores, 7G,  Windows 11 , 64 bit Build 22621 (10.0.22621.5124)
Time: Wed May  7 21:43:28 2025 SE Asia Standard Time elapsed time: 0.167931 seconds (0d 0h 0m 0s)

---------------  T H R E A D  ---------------

Current thread (0x0000022a0032fe30):  JavaThread "Unknown thread" [_thread_in_vm, id=8908, stack(0x000000b592f00000,0x000000b593000000)]

Stack: [0x000000b592f00000,0x000000b593000000]
Native frames: (J=compiled Java code, j=interpreted, Vv=VM code, C=native code)
V  [jvm.dll+0x6ee8fa]
V  [jvm.dll+0x857a1e]
V  [jvm.dll+0x85940e]
V  [jvm.dll+0x859ac3]
V  [jvm.dll+0x28291f]
V  [jvm.dll+0x6eb6e9]
V  [jvm.dll+0x6e028a]
V  [jvm.dll+0x357136]
V  [jvm.dll+0x35eb96]
V  [jvm.dll+0x3b5573]
V  [jvm.dll+0x3b578f]
V  [jvm.dll+0x32c6ea]
V  [jvm.dll+0x32d59e]
V  [jvm.dll+0x821b20]
V  [jvm.dll+0x3c27c1]
V  [jvm.dll+0x8022f1]
V  [jvm.dll+0x44b30f]
V  [jvm.dll+0x44cc91]
C  [jli.dll+0x5287]
C  [ucrtbase.dll+0x29333]
C  [KERNEL32.DLL+0x1259d]
C  [ntdll.dll+0x5af38]


---------------  P R O C E S S  ---------------

Threads class SMR info:
_java_thread_list=0x00007ffe73d9d048, length=0, elements={
}

Java Threads: ( => current thread )

Other Threads:
  0x0000022a003910a0 WorkerThread "GC Thread#0" [stack: 0x000000b593000000,0x000000b593100000] [id=7908]
  0x0000022a003a1de0 ConcurrentGCThread "G1 Main Marker" [stack: 0x000000b593100000,0x000000b593200000] [id=5432]
  0x0000022a003a2fb0 WorkerThread "G1 Conc#0" [stack: 0x000000b593200000,0x000000b593300000] [id=21892]

[error occurred during error reporting (printing all threads), id 0xc0000005, EXCEPTION_ACCESS_VIOLATION (0xc0000005) at pc=0x00007ffe7355d127]

VM state: not at safepoint (not fully initialized)

VM Mutex/Monitor currently owned by a thread:  ([mutex/lock_event])
[0x0000022a0032a170] Heap_lock - owner thread: 0x0000022a0032fe30

Heap address: 0x0000000081e00000, size: 2018 MB, Compressed Oops mode: 32-bit

CDS archive(s) mapped at: [0x0000000000000000-0x0000000000000000-0x0000000000000000), size 0, SharedBaseAddress: 0x0000000800000000, ArchiveRelocationMode: 0.
Narrow klass base: 0x0000000000000000, Narrow klass shift: 0, Narrow klass range: 0x0

GC Precious Log:
 CardTable entry size: 512
 Card Set container configuration: InlinePtr #cards 5 size 8 Array Of Cards #cards 12 size 40 Howl #buckets 4 coarsen threshold 1843 Howl Bitmap #cards 512 size 80 coarsen threshold 460 Card regions per heap region 1 cards per card region 2048

Heap:
 garbage-first heap   total 0K, used 0K [0x0000000081e00000, 0x0000000100000000)
  region size 1024K, 0 young (0K), 0 survivors (0K)

[error occurred during error reporting (printing heap information), id 0xc0000005, EXCEPTION_ACCESS_VIOLATION (0xc0000005) at pc=0x00007ffe73966959]

GC Heap History (0 events):
No events

Dll operation events (1 events):
Event: 0.013 Loaded shared library C:\Program Files\Java\jdk-19\bin\java.dll

Deoptimization events (0 events):
No events

Classes loaded (0 events):
No events

Classes unloaded (0 events):
No events

Classes redefined (0 events):
No events

Internal exceptions (0 events):
No events

VM Operations (0 events):
No events

Events (0 events):
No events


Dynamic libraries:
0x00007ff640700000 - 0x00007ff640710000 	C:\Program Files\Java\jdk-19\bin\java.exe
0x00007ffed2550000 - 0x00007ffed2767000 	C:\WINDOWS\SYSTEM32\ntdll.dll
0x00007ffed0f20000 - 0x00007ffed0fe4000 	C:\WINDOWS\System32\KERNEL32.DLL
0x00007ffecfa60000 - 0x00007ffecfe33000 	C:\WINDOWS\System32\KERNELBASE.dll
0x00007ffecff10000 - 0x00007ffed0021000 	C:\WINDOWS\System32\ucrtbase.dll
0x00007ffebf4c0000 - 0x00007ffebf4db000 	C:\Program Files\Java\jdk-19\bin\VCRUNTIME140.dll
0x00007ffebe5f0000 - 0x00007ffebe608000 	C:\Program Files\Java\jdk-19\bin\jli.dll
0x00007ffed16b0000 - 0x00007ffed1761000 	C:\WINDOWS\System32\ADVAPI32.dll
0x00007ffed0300000 - 0x00007ffed03a7000 	C:\WINDOWS\System32\msvcrt.dll
0x00007ffed03d0000 - 0x00007ffed0478000 	C:\WINDOWS\System32\sechost.dll
0x00007ffecfe40000 - 0x00007ffecfe68000 	C:\WINDOWS\System32\bcrypt.dll
0x00007ffed0e00000 - 0x00007ffed0f14000 	C:\WINDOWS\System32\RPCRT4.dll
0x00007ffed0ff0000 - 0x00007ffed11a1000 	C:\WINDOWS\System32\USER32.dll
0x00007ffecf7d0000 - 0x00007ffecf7f6000 	C:\WINDOWS\System32\win32u.dll
0x00007ffec2180000 - 0x00007ffec2418000 	C:\WINDOWS\WinSxS\amd64_microsoft.windows.common-controls_6595b64144ccf1df_6.0.22621.5124_none_270e8f4f7386d69d\COMCTL32.dll
0x00007ffed1680000 - 0x00007ffed16a9000 	C:\WINDOWS\System32\GDI32.dll
0x00007ffecf940000 - 0x00007ffecfa5b000 	C:\WINDOWS\System32\gdi32full.dll
0x00007ffecfe70000 - 0x00007ffecff0a000 	C:\WINDOWS\System32\msvcp_win.dll
0x00007ffec8510000 - 0x00007ffec851a000 	C:\WINDOWS\SYSTEM32\VERSION.dll
0x00007ffed0aa0000 - 0x00007ffed0ad1000 	C:\WINDOWS\System32\IMM32.DLL
0x00007ffec8ea0000 - 0x00007ffec8eac000 	C:\Program Files\Java\jdk-19\bin\vcruntime140_1.dll
0x00007ffeaeac0000 - 0x00007ffeaeb4e000 	C:\Program Files\Java\jdk-19\bin\msvcp140.dll
0x00007ffe73220000 - 0x00007ffe73ee0000 	C:\Program Files\Java\jdk-19\bin\server\jvm.dll
0x00007ffec91f0000 - 0x00007ffec91f9000 	C:\WINDOWS\SYSTEM32\WSOCK32.dll
0x00007ffed0a20000 - 0x00007ffed0a91000 	C:\WINDOWS\System32\WS2_32.dll
0x00007ffec6c30000 - 0x00007ffec6c64000 	C:\WINDOWS\SYSTEM32\WINMM.dll
0x00007ffece690000 - 0x00007ffece6a8000 	C:\WINDOWS\SYSTEM32\kernel.appcore.dll
0x00007ffec8960000 - 0x00007ffec896a000 	C:\Program Files\Java\jdk-19\bin\jimage.dll
0x00007ffec9e10000 - 0x00007ffeca042000 	C:\WINDOWS\SYSTEM32\DBGHELP.DLL
0x00007ffed2090000 - 0x00007ffed2422000 	C:\WINDOWS\System32\combase.dll
0x00007ffed1370000 - 0x00007ffed1447000 	C:\WINDOWS\System32\OLEAUT32.dll
0x00007ffec6070000 - 0x00007ffec60a2000 	C:\WINDOWS\SYSTEM32\dbgcore.DLL
0x00007ffed0170000 - 0x00007ffed01eb000 	C:\WINDOWS\System32\bcryptPrimitives.dll
0x00007ffeb9900000 - 0x00007ffeb9926000 	C:\Program Files\Java\jdk-19\bin\java.dll

dbghelp: loaded successfully - version: 4.0.5 - missing functions: none
symbol engine: initialized successfully - sym options: 0x614 - pdb path: .;C:\Program Files\Java\jdk-19\bin;C:\WINDOWS\SYSTEM32;C:\WINDOWS\WinSxS\amd64_microsoft.windows.common-controls_6595b64144ccf1df_6.0.22621.5124_none_270e8f4f7386d69d;C:\Program Files\Java\jdk-19\bin\server

VM Arguments:
java_command: poly.cafe.ui.Test
java_class_path (initial): C:\Users\lengh\OneDrive\TaÌi liêòu\NetBeansProjects\PolyCafe\target\classes;C:\Users\lengh\.m2\repository\com\microsoft\sqlserver\mssql-jdbc\12.8.1.jre8\mssql-jdbc-12.8.1.jre8.jar
Launcher Type: SUN_STANDARD

[Global flags]
     intx CICompilerCount                          = 4                                         {product} {ergonomic}
     uint ConcGCThreads                            = 2                                         {product} {ergonomic}
     uint G1ConcRefinementThreads                  = 8                                         {product} {ergonomic}
   size_t G1HeapRegionSize                         = 1048576                                   {product} {ergonomic}
    uintx GCDrainStackTargetSize                   = 64                                        {product} {ergonomic}
   size_t InitialHeapSize                          = 134217728                                 {product} {ergonomic}
   size_t MarkStackSize                            = 4194304                                   {product} {ergonomic}
   size_t MaxHeapSize                              = 2116026368                                {product} {ergonomic}
   size_t MinHeapDeltaBytes                        = 1048576                                   {product} {ergonomic}
   size_t MinHeapSize                              = 8388608                                   {product} {ergonomic}
    uintx NonNMethodCodeHeapSize                   = 5839372                                {pd product} {ergonomic}
    uintx NonProfiledCodeHeapSize                  = 122909434                              {pd product} {ergonomic}
    uintx ProfiledCodeHeapSize                     = 122909434                              {pd product} {ergonomic}
    uintx ReservedCodeCacheSize                    = 251658240                              {pd product} {ergonomic}
     bool SegmentedCodeCache                       = true                                      {product} {ergonomic}
   size_t SoftMaxHeapSize                          = 2116026368                             {manageable} {ergonomic}
     bool UseCompressedClassPointers               = true                           {product lp64_product} {ergonomic}
     bool UseCompressedOops                        = true                           {product lp64_product} {ergonomic}
     bool UseG1GC                                  = true                                      {product} {ergonomic}
     bool UseLargePagesIndividualAllocation        = false                                  {pd product} {ergonomic}

Logging:
Log output configuration:
 #0: stdout all=warning uptime,level,tags foldmultilines=false
 #1: stderr all=off uptime,level,tags foldmultilines=false

Environment Variables:
JAVA_HOME=C:\Program Files\Java\jdk-19
PATH=C:\Program Files\Common Files\Oracle\Java\javapath;C:\WINDOWS\system32;C:\WINDOWS;C:\WINDOWS\System32\Wbem;C:\WINDOWS\System32\WindowsPowerShell\v1.0\;C:\WINDOWS\System32\OpenSSH\;C:\Program Files (x86)\Microsoft SQL Server\160\Tools\Binn\;C:\Program Files\Microsoft SQL Server\160\Tools\Binn\;C:\Program Files\Microsoft SQL Server\Client SDK\ODBC\170\Tools\Binn\;C:\Program Files\Microsoft SQL Server\160\DTS\Binn\;C:\Program Files (x86)\Microsoft SQL Server\160\DTS\Binn\;C:\Web1013-TKW\LAB13_WEB1014\Git\cmd;C:\Program Files\nodejs\;C:\Users\lengh\AppData\Local\Microsoft\WindowsApps;C:\Users\lengh\AppData\Local\Programs\Microsoft VS Code\bin;C:\Users\lengh\AppData\Roaming\npm
USERNAME=lengh
OS=Windows_NT
PROCESSOR_IDENTIFIER=Intel64 Family 6 Model 142 Stepping 10, GenuineIntel
TMP=C:\Users\lengh\AppData\Local\Temp
TEMP=C:\Users\lengh\AppData\Local\Temp



---------------  S Y S T E M  ---------------

OS:
 Windows 11 , 64 bit Build 22621 (10.0.22621.5124)
OS uptime: 5 days 22:22 hours

CPU: total 8 (initial active 8) (4 cores per cpu, 2 threads per core) family 6 model 142 stepping 10 microcode 0xea, cx8, cmov, fxsr, ht, mmx, 3dnowpref, sse, sse2, sse3, ssse3, sse4.1, sse4.2, popcnt, lzcnt, tsc, tscinvbit, avx, avx2, aes, erms, clmul, bmi1, bmi2, adx, fma, vzeroupper, clflush, clflushopt, rdtscp

Memory: 4k page, system-wide physical 8070M (287M free)
TotalPageFile size 19816M (AvailPageFile size 5M)
current process WorkingSet (physical memory assigned to process): 11M, peak: 11M
current process commit charge ("private bytes"): 188M, peak: 190M

vm_info: Java HotSpot(TM) 64-Bit Server VM (19.0.1+10-21) for windows-amd64 JRE (19.0.1+10-21), built on 2022-09-14T12:45:06Z by "mach5one" with MS VC++ 17.1 (VS2022)

END.
